### ISSUE TITLE
Test zdtm/transition/fork2 FAIL at criu lazy-pages exited with -11

### ISSUE THREAD

**Issue by avagin** [checkpoint-restore/criu#1872]
```
======================= Run zdtm/transition/fork2 in uns =======================
Start test
./fork2 --pidfile=fork2.pid --outfile=fork2.out
Run criu dump
=[log]=> dump/zdtm/transition/fork2/1145/1/dump.log
------------------------ grep Error ------------------------
b'(00.008790) Parasite syscall_ip at 0x564317208000'
b'(00.008864) Set up parasite blob using memfd'
b'(00.008885) Putting parasite blob into 0x7f1894bf7000->0x7f7d41159000'
b'(00.008921) Dumping general registers for 1612 in native mode'
b'(00.008923) Warn  (compel/arch/x86/src/lib/infect.c:352): Will restore 1612 with interrupted system call'
b'(00.010684) Parasite syscall_ip at 0x564317208000'
b'(00.010759) Set up parasite blob using memfd'
b'(00.010780) Putting parasite blob into 0x7f1894bf7000->0x7f7d41159000'
b'(00.010817) Dumping general registers for 1613 in native mode'
b'(00.010818) Warn  (compel/arch/x86/src/lib/infect.c:352): Will restore 1613 with interrupted system call'
b'(00.012582) Parasite syscall_ip at 0x564317208000'
b'(00.012656) Set up parasite blob using memfd'
b'(00.012676) Putting parasite blob into 0x7f1894bf7000->0x7f7d41159000'
b'(00.012717) Dumping general registers for 1614 in native mode'
b'(00.012719) Warn  (compel/arch/x86/src/lib/infect.c:352): Will restore 1614 with interrupted system call'
b'(00.014462) Parasite syscall_ip at 0x564317208000'
b'(00.014535) Set up parasite blob using memfd'
b'(00.014556) Putting parasite blob into 0x7f1894bf7000->0x7f7d41159000'
b'(00.014591) Dumping general registers for 1615 in native mode'
b'(00.014593) Warn  (compel/arch/x86/src/lib/infect.c:352): Will restore 1615 with interrupted system call'
b'(00.016367) Parasite syscall_ip at 0x564317208000'
b'(00.016440) Set up parasite blob using memfd'
b'(00.016461) Putting parasite blob into 0x7f1894bf7000->0x7f7d41159000'
b'(00.016498) Dumping general registers for 1616 in native mode'
b'(00.016500) Warn  (compel/arch/x86/src/lib/infect.c:352): Will restore 1616 with interrupted system call'
b'(00.018221) Parasite syscall_ip at 0x564317208000'
b'(00.018293) Set up parasite blob using memfd'
b'(00.018314) Putting parasite blob into 0x7f1894bf7000->0x7f7d41159000'
b'(00.018351) Dumping general registers for 1618 in native mode'
b'(00.018353) Warn  (compel/arch/x86/src/lib/infect.c:352): Will restore 1618 with interrupted system call'
b'(00.020214) Parasite syscall_ip at 0x564317208000'
b'(00.020288) Set up parasite blob using memfd'
b'(00.020309) Putting parasite blob into 0x7f1894bf7000->0x7f7d41159000'
b'(00.020346) Dumping general registers for 1619 in native mode'
b'(00.020348) Warn  (compel/arch/x86/src/lib/infect.c:352): Will restore 1619 with interrupted system call'
b'(00.022069) Parasite syscall_ip at 0x564317208000'
b'(00.022142) Set up parasite blob using memfd'
b'(00.022163) Putting parasite blob into 0x7f1894bf7000->0x7f7d41159000'
b'(00.022198) Dumping general registers for 1620 in native mode'
b'(00.022200) Warn  (compel/arch/x86/src/lib/infect.c:352): Will restore 1620 with interrupted system call'
b'(00.023932) Parasite syscall_ip at 0x564317208000'
b'(00.024005) Set up parasite blob using memfd'
b'(00.024027) Putting parasite blob into 0x7f1894bf7000->0x7f7d41159000'
b'(00.024061) Dumping general registers for 1621 in native mode'
b'(00.024063) Warn  (compel/arch/x86/src/lib/infect.c:352): Will restore 1621 with interrupted system call'
b'(00.025810) Parasite syscall_ip at 0x564317208000'
b'(00.025882) Set up parasite blob using memfd'
b'(00.025903) Putting parasite blob into 0x7f1894bf7000->0x7f7d41159000'
b'(00.025939) Dumping general registers for 1622 in native mode'
b'(00.025941) Warn  (compel/arch/x86/src/lib/infect.c:352): Will restore 1622 with interrupted system call'
b'(00.027679) Parasite syscall_ip at 0x564317208000'
b'(00.027752) Set up parasite blob using memfd'
b'(00.027772) Putting parasite blob into 0x7f1894bf7000->0x7f7d41159000'
b'(00.027810) Dumping general registers for 1623 in native mode'
b'(00.027812) Warn  (compel/arch/x86/src/lib/infect.c:352): Will restore 1623 with interrupted system call'
------------------------ ERROR OVER ------------------------
Wait for zdtm/transition/fork2(1145) to die for 0.100000
Run criu page-server
Run criu lazy-pages
Run criu restore
Send the 15 signal to  1645
Wait for zdtm/transition/fork2(1645) to die for 0.100000
=[log]=> dump/zdtm/transition/fork2/1145/1/lazy-pages.log
--------------------- grep Error (no) ----------------------
b'(00.059971) uffd: 468-31: uffd_copy: 0x7f7d4138b000/4096'
b'(00.059976) uffd: 468-31: EXIT'
b'(00.059982) pr477-11 Read 7fff816f1000 1 pages'
b'(00.059991) pr476-12 Read 7fff816f1000 1 pages'
b'(00.059997) uffd: 468--31: UFFD transferred pages: (7/75)'
------------------------ ERROR OVER ------------------------
###### Test zdtm/transition/fork2 FAIL at criu lazy-pages exited with -11 ######
Test output: ================================
15:57:59.738:     5: PASS
```

```
Core was generated by `../criu/criu lazy-pages --no-default-config --log-file lazy-pages.log --images-'.
Program terminated with signal SIGSEGV, Segmentation fault.
#0  __memmove_avx_unaligned_erms ()
    at ../sysdeps/x86_64/multiarch/memmove-vec-unaligned-erms.S:468
468	../sysdeps/x86_64/multiarch/memmove-vec-unaligned-erms.S: No such file or directory.
(gdb) #0  __memmove_avx_unaligned_erms ()
    at ../sysdeps/x86_64/multiarch/memmove-vec-unaligned-erms.S:468
#1  0x00007fe218396b50 in ?? () from /lib/x86_64-linux-gnu/libgnutls.so.30
#2  0x00007fe21838ce07 in ?? () from /lib/x86_64-linux-gnu/libgnutls.so.30
#3  0x00007fe2183900da in ?? () from /lib/x86_64-linux-gnu/libgnutls.so.30
#4  0x000055e480d834be in tls_recv (buf=0x7fe2178df000, len=4096, 
    flags=flags@entry=64) at criu/tls.c:131
#5  0x000055e480d59bd3 in __recv (fl=64, sz=<optimized out>, 
    buf=<optimized out>, sk=<optimized out>) at criu/page-xfer.c:1588
#6  page_server_read (ar=ar@entry=0x55e4820a1ec0, flags=flags@entry=64)
    at criu/page-xfer.c:1588
#7  0x000055e480d59cce in page_server_async_read (f=<optimized out>)
    at criu/page-xfer.c:1616
#8  0x000055e480d8f2be in epoll_run_rfds (epollfd=epollfd@entry=4, 
    evs=0x55e482091e90, nr_fds=nr_fds@entry=15, timeout=timeout@entry=0)
    at criu/util.c:1351
#9  0x000055e480d8b628 in handle_requests (nr_fds=15, events=0x7ffda079eab0, 
    epollfd=4) at criu/uffd.c:1250
#10 cr_lazy_pages (daemon=<optimized out>) at criu/uffd.c:1469
#11 0x000055e480cf3a61 in main (argc=<optimized out>, argv=0x7ffda079ecb8, 
    envp=<optimized out>) at criu/crtools.c:317
(gdb) rax            0x7fe2178df000      140609034514432
rbx            0x1000              4096
rcx            0x55e4820ad230      94439922651696
rdx            0xf80               3968
rsi            0x55e4820ac2d0      94439922647760
rdi            0x7fe2178df000      140609034514432
rbp            0x55e4820ac280      0x55e4820ac280
rsp            0x7ffda079e898      0x7ffda079e898
r8             0x0                 0
r9             0x7fe2178dffe0      140609034518496
r10            0x7fe218481ed0      140609046716112
r11            0x7fe2178dffe0      140609034518496
r12            0x1000              4096
r13            0x7fe2178df000      140609034514432
r14            0x17                23
r15            0x55e48209d470      94439922586736
rip            0x7fe2182a3869      0x7fe2182a3869 <__memmove_avx_unaligned_erms+633>
eflags         0x10202             [ IF RF ]
cs             0x33                51
ss             0x2b                43
ds             0x0                 0
es             0x0                 0
fs             0x0                 0
gs             0x0                 0
k0             0x0                 0
k1             0x0                 0
k2             0x0                 0
k3             0x0                 0
k4             0x0                 0
k5             0x0                 0
k6             0x0                 0
k7             0x0                 0
(gdb) Dump of assembler code from 0x7fe2182a3859 to 0x7fe2182a3879:
   0x00007fe2182a3859 <__memmove_avx_unaligned_erms+617>:	pop    %rcx
   0x00007fe2182a385a <__memmove_avx_unaligned_erms+618>:	movabs 0x4800000080e98148,%al
   0x00007fe2182a3863 <__memmove_avx_unaligned_erms+627>:	sub    $0x80,%edx
=> 0x00007fe2182a3869 <__memmove_avx_unaligned_erms+633>:	vmovdqa %ymm0,(%r9)
   0x00007fe2182a386e <__memmove_avx_unaligned_erms+638>:	vmovdqa %ymm1,-0x20(%r9)
   0x00007fe2182a3874 <__memmove_avx_unaligned_erms+644>:	vmovdqa %ymm2,-0x40(%r9)
End of assembler dump.
(gdb) Dump of assembler code from 0x7fe2182a3859 to 0x7fe2182a3879:
   0x00007fe2182a3859 <__memmove_avx_unaligned_erms+617>:	pop    %rcx
   0x00007fe2182a385a <__memmove_avx_unaligned_erms+618>:	movabs 0x4800000080e98148,%al
   0x00007fe2182a3863 <__memmove_avx_unaligned_erms+627>:	sub    $0x80,%edx
=> 0x00007fe2182a3869 <__memmove_avx_unaligned_erms+633>:	vmovdqa %ymm0,(%r9)
   0x00007fe2182a386e <__memmove_avx_unaligned_erms+638>:	vmovdqa %ymm1,-0x20(%r9)
   0x00007fe2182a3874 <__memmove_avx_unaligned_erms+644>:	vmovdqa %ymm2,-0x40(%r9)
End of assembler dump.
(gdb) quit

======================== /tmp/zdtm-core-295484-criu.txt ========================
##################################### FAIL #####################################
+ cleanup_cgroup
+ ./test/zdtm_umount_cgroups 3503
make: *** [Makefile:2: local] Error 1
make: Leaving directory '/home/circleci/criu/scripts/ci'

Exited with 
```

The full crash log is here: https://gist.github.com/avagin/6f0df536884087ec87389cd9f0bc6aae
