### ISSUE TITLE
criu can't C/R ia32 processes on AMD

### ISSUE THREAD

**Issue by avagin** [checkpoint-restore/criu#398]
```
========================== Run zdtm/static/cwd02 in h ==========================
Start test
./cwd02 --pidfile=cwd02.pid --outfile=cwd02.out --dirname=cwd02.test
Run criu dump
=[log]=> dump/zdtm/static/cwd02/48/1/dump.log
------------------------ grep Error ------------------------
(00.058257) 48 was trapped
(00.058289) 48 (native) is going to execute the syscall 3, required is 15
(00.058349) 48 was trapped
(00.058375) `- Expecting exit
(00.058443) Error (compel/src/lib/infect.c:1443): Task 48 is in unexpected state: b7f
(00.058517) Error (compel/src/lib/infect.c:1451): Task stopped with 11: Segmentation fault
(00.058544) Error (criu/cr-dump.c:1482): Can't cure (pid: 48) from parasite
(00.058949) Unlock network
(00.058998) Unfreezing tasks into 1
(00.059019) 	Unseizing 48 into 1
(00.060348) Error (criu/cr-dump.c:1819): Dumping FAILED.
------------------------ ERROR OVER ------------------------
################### Test zdtm/static/cwd02 FAIL at CRIU dump ###################
Send the 9 signal to  48
Wait for zdtm/static/cwd02(48) to die for 0.100000
```
https://ci.openvz.org/job/CRIU/job/CRIU-x86-32/job/criu-dev/8/consoleFull

```
[root@usr-LAN-dhcp-38 ~]# uname -a
Linux usr-LAN-dhcp-38.99.sw.ru 4.13.5-200.fc26.x86_64 #1 SMP Thu Oct 5 16:53:13 UTC 2017 x86_64 x86_64 x86_64 GNU/Linux
```

Cc: @0x7f454c46

**Comment by 0x7f454c46** [comment]
Nice! Will check it.
This one is suspicious:
> (00.058289) 48 (native) is going to execute the syscall 3, required is 15

**Comment by cyrillos** [comment]
Not sure if related but still https://lists.openvz.org/pipermail/criu/2017-October/039807.html

**Comment by avagin** [comment]
I committed your patch, but the bug is still there.

**Comment by cyrillos** [comment]
Thanks! I'll try to dig the issue after the weekend.

**Comment by sarnold1119** [comment]
Hello,
I have the same problem on Dell Inc. PowerEdge R815/04Y8PT (AMD 6180) kernel 4.15-rc9.
Also tried on HP DL580 (INTEL Intel(R) Xeon(R) CPU E7-8867 v4 @ 2.40GHz), failed differently on ia32 and ia64:
 cg: Dumping cgroups for 6453
pie: 6453: __sent ack msg: 76 76 0
(00.013521) Error (criu/proc_parse.c:2393): couldn't fmemopen cgroup buffer : Invalid argument
(00.013567) ----------------------------------------
(00.013569) Error (criu/cr-dump.c:1384): Dump core (pid: 6453) failed with -1
pie: 6453: Daemon waits for command

Any progress on this issue ?

Thanks
Scott

**Comment by sarnold1119** [comment]
Same kernel on the DL580

**Comment by sarnold1119** [comment]
size appears to be 0 on the fmemopen call

**Comment by avagin** [comment]
@sarnold1119 it is another problem, could you file a new issue?

**Comment by avagin** [comment]
@sarnold1119 could you show the content of /proc/PID/cgroup for a target process?

**Comment by sarnold1119** [comment]
Update,
Works fine on Intel. Problem was cgroups configuration.

**Comment by sarnold1119** [comment]
Andrew,
I just posted a update. The problem on the DL580/Intel was the cgroups config (or lack there of).
Works fine on the Intel now, still broken on the AMD.
We could really use the criu with ia32 on the AMD box.
Thanks
Scott
________________________________

**Comment by rst0git** [comment]
The output of strace is:
```
21808 wait4(-1, [{WIFSTOPPED(s) && WSTOPSIG(s) == SIGTRAP}], __WALL, NULL) = 21798
21808 write(4, "(00.447982) 21798 was trapped\n", 30) = 30
21808 write(4, "(00.448160) `- Expecting exit\n", 30) = 30
21808 ptrace(PTRACE_SYSCALL, 21798, NULL, SIG_0) = 0
21808 --- SIGCHLD {si_signo=SIGCHLD, si_code=CLD_TRAPPED, si_pid=21798, si_uid=0, si_status=SIGSEGV, si_utime=0, si_stime=0} ---
21808 wait4(-1, [{WIFSTOPPED(s) && WSTOPSIG(s) == SIGSEGV}], __WALL, NULL) = 21798
21808 write(4, "(00.448719) Error (compel/src/lib/infect.c:1447): Task 21798 is in unexpected state: b7f\n", 89) = 89
21808 futex(0x7f19a475ba00, FUTEX_WAKE_PRIVATE, 2147483647) = 0
21808 write(4, "(00.448937) Error (compel/src/lib/infect.c:1455): Task stopped with 11: Segmentation fault\n", 91) = 91
21808 write(4, "(00.449048) Error (criu/cr-dump.c:1390): Can't cure (pid: 21798) from parasite\n", 79) = 79

```

**Comment by 0x7f454c46** [comment]
Yeah, it seems from the log that `rt_sigreturn()` has resulted in segmentation fault.
What I would speculate - is that the sigframe is different by some reason on ia32 AMD.

**Comment by 0x7f454c46** [comment]
I have it in TODO list, but there are more urgent items now..
I wouldn't mind if someone is eager to fix it before I'll have my hands on it ;-)

**Comment by rst0git** [comment]
Looking closer with `gdb --args criu dump -t $(pgrep test) -D checkpoint/ -v0` I can see that:

on `AMD A10 Micro-6700T APU+AMD Radeon R6 Graphics`
```
compel_stop_on_syscall (tasks=tasks@entry=1, sys_nr=sys_nr@entry=15, sys_nr_compat=sys_nr_compat@entry=173, trace=TRACE_ENTER) at compel/src/lib/infect.c:1508
1508                            goto goon;
1544                    ret = ptrace(PTRACE_SYSCALL, pid, NULL, NULL);
1545                    if (ret) {
1494                    pid = wait4(-1, &status, __WALL, NULL);
1495                    if (pid == -1) {
(gdb) p status
$2 = 2943
(gdb) i r
rax            0x3717              14103
rbx            0x3717              14103
rcx            0x7ffff7e2e5ee      140737352230382
rdx            0x40000000          1073741824
rsi            0x7fffffffd6dc      140737488344796
rdi            0xffffffff          4294967295
rbp            0x1                 0x1
rsp            0x7fffffffd6c0      0x7fffffffd6c0
r8             0x17                23
r9             0xf                 15
r10            0x0                 0
r11            0x246               582
r12            0x7fffffffd6dc      140737488344796
r13            0xf                 15
r14            0x7fffffffd6e0      140737488344800
r15            0x2                 2
rip            0x4ab456            0x4ab456 <compel_stop_on_syscall+86>
eflags         0x203               [ CF IF ]
cs             0x33                51
ss             0x2b                43
ds             0x0                 0
es             0x0                 0
fs             0x0                 0
gs             0x0                 0
(gdb) p regs
$3 = {{native = {r15 = 0, r14 = 0, r13 = 4159684024, r12 = 4159719132, bp = 4159737929, bx = 4294967295, r11 = 530,
      r10 = 4159678901, r9 = 0, r8 = 4159737929, ax = 18446744073709551578, cx = 4159678901, dx = 14103, si = 4159683804, di = 4,
      orig_ax = 3, ip = 4159678901, cs = 51, flags = 530, sp = 4159719072, ss = 43, fs_base = 0, gs_base = 0, ds = 43, es = 43,
      fs = 0, gs = 99}, compat = {bx = 0, cx = 0, dx = 0, si = 0, di = 4159684024, bp = 0, ax = 4159719132, ds = 0, es = 4159737929,
      fs = 0, gs = 4294967295, orig_ax = 0, ip = 530, cs = 0, flags = 4159678901, sp = 0, ss = 0}}, __is_native = 10}
```
here `status = 2943` is `WSTOPSIG(status) = SIGSEGV`.

and on `Intel(R) Core(TM) i5-4200U CPU @ 1.60GHz`:

```
compel_stop_on_syscall (tasks=1, sys_nr=15, sys_nr_compat=173, trace=TRACE_ENTER) at compel/src/lib/infect.c:1508
1508				goto goon;
1544			ret = ptrace(PTRACE_SYSCALL, pid, NULL, NULL);
1545			if (ret) {
1494			pid = wait4(-1, &status, __WALL, NULL);
1495			if (pid == -1) {
(gdb) p status
$2 = 1407
(gdb) i r
rax            0x7f91              32657
rbx            0x7f91              32657
rcx            0x7ffff780346e      140737345762414
rdx            0x40000000          1073741824
rsi            0x7fffffffe3bc      140737488348092
rdi            0xffffffff          4294967295
rbp            0x1                 0x1
rsp            0x7fffffffe3a0      0x7fffffffe3a0
r8             0x17                23
r9             0xf                 15
r10            0x0                 0
r11            0x246               582
r12            0x7fffffffe3bc      140737488348092
r13            0xf                 15
r14            0x7fffffffe3c0      140737488348096
r15            0x2                 2
rip            0x555555622d26      0x555555622d26 <compel_stop_on_syscall+102>
eflags         0x207               [ CF PF IF ]
cs             0x33                51
ss             0x2b                43
ds             0x0                 0
es             0x0                 0
fs             0x0                 0
gs             0x0                 0
(gdb) p regs
$3 = {{native = {r15 = 0, r14 = 0, r13 = 4159872440, r12 = 4159907548, bp = 4159924537, bx = 4294967295, r11 = 530, 
      r10 = 4159867317, r9 = 0, r8 = 4159924537, ax = 18446744073709551578, cx = 4159867317, dx = 32657, si = 4159872220, di = 4, 
      orig_ax = 3, ip = 4159867317, cs = 51, flags = 530, sp = 4159907488, ss = 43, fs_base = 0, gs_base = 4159692736, ds = 43, 
      es = 43, fs = 0, gs = 99}, compat = {bx = 0, cx = 0, dx = 0, si = 0, di = 4159872440, bp = 0, ax = 4159907548, ds = 0, 
      es = 4159924537, fs = 0, gs = 4294967295, orig_ax = 0, ip = 530, cs = 0, flags = 4159867317, sp = 0, ss = 0}}, 
  __is_native = 10}
```
here `status = 1407` is `WSTOPSIG(status) = SIGTRAP`.

**Comment by sarnold1119** [comment]
May be related to this prctl issue ?:
      PR_GET_TID_ADDRESS (since Linux 3.5)
              Retrieve the clear_child_tid address set by set_tid_address(2)
              and the clone(2) CLONE_CHILD_CLEARTID flag, in the location
              pointed to by (int **) arg2.  This feature is available only
              if the kernel is built with the CONFIG_CHECKPOINT_RESTORE
              option enabled.  Note that since the prctl() system call does
              not have a compat implementation for the AMD64 x32 and MIPS
              n32 ABIs, and the kernel writes out a pointer using the ker‐
              nel's pointer size, this operation expects a user-space buffer
              of 8 (not 4) bytes on these ABIs.

**Comment by avagin** [comment]
```
   0xf7efd5b0:	pushq  $0x23
   0xf7efd5b2:	pushq  $0xfffffffff7efd5b9
=> 0xf7efd5b7:	lretq 
```

The second pushq pushes eip on the stack, but the value is supposed to be 32-bit.

We probably should not use pushq here:
If the source operand is an immediate of size less than the operand size, a sign-extended value is pushed on the stack. 
https://c9x.me/x86/html/file_module_x86_id_280.html
